

			CONDITION		
**************************************************
Name:	Speed 2500
--------------------------------------------------

Influence Coefficient Matrix:
                        
                Plane 1       Plane 2       Plane 3       Plane 4  \
Sensor 1   0.428 @ 29.0   0.951 @ 1.6  0.754 @ 13.9  0.836 @ 44.2   
Sensor 2   0.623 @ 12.9  0.852 @ 78.5  0.987 @ 86.2  1.085 @ 29.0   
Sensor 3   0.397 @ 12.0  0.661 @ 65.8  0.864 @ 16.5  0.528 @ 47.5   
Sensor 4   0.808 @ 81.5  0.996 @ 44.2  0.808 @ 19.7  0.814 @ 46.4   
Sensor 5   1.067 @ 40.8  0.944 @ 18.4  0.978 @ 71.0  0.977 @ 83.5   
Sensor 6   1.261 @ 43.9  0.581 @ 65.6   0.95 @ 81.2  0.937 @ 58.5   
Sensor 7   0.857 @ 66.6  0.144 @ 38.2  1.015 @ 24.3  1.242 @ 45.1   
Sensor 8   0.983 @ 56.1  0.727 @ 18.0  0.689 @ 18.9  0.582 @ 67.3   
Sensor 9   1.251 @ 41.2  1.015 @ 20.0  1.139 @ 36.5  0.676 @ 56.8   
Sensor 10  1.018 @ 37.3  1.272 @ 50.5  1.073 @ 36.1  0.949 @ 15.9   
Sensor 11   0.76 @ 86.1   0.532 @ 2.6   0.541 @ 2.3  0.715 @ 26.9   
Sensor 12  0.962 @ 68.3  0.792 @ 16.9  0.214 @ 86.1   0.12 @ 15.0   
Sensor 13  0.472 @ 34.7  1.025 @ 51.1  0.553 @ 34.1  0.711 @ 39.8   
Sensor 14  1.067 @ 21.8  0.433 @ 17.8  0.679 @ 56.8  1.038 @ 41.6   
Sensor 15  0.829 @ 17.3  0.806 @ 11.4  0.877 @ 84.0  0.541 @ 23.9   
Sensor 16  1.164 @ 48.1  0.804 @ 46.0   0.61 @ 46.0  1.161 @ 38.7   
Sensor 17   0.65 @ 14.6  0.798 @ 29.3  1.071 @ 64.9  0.679 @ 22.4   
Sensor 18  0.647 @ 18.5  0.433 @ 15.0  0.971 @ 16.1   0.868 @ 3.8   
Sensor 19   1.36 @ 45.5   0.613 @ 8.8   0.71 @ 71.2  0.805 @ 33.5   
Sensor 20  0.765 @ 47.8  1.077 @ 43.3  0.964 @ 65.7  0.742 @ 33.0   
Sensor 21  0.546 @ 72.0  0.554 @ 59.8   0.179 @ 8.2  0.353 @ 75.4   
Sensor 22  0.778 @ 23.6  1.083 @ 34.3   0.88 @ 54.5  0.598 @ 27.1   
Sensor 23  0.502 @ 44.8  1.015 @ 13.5  0.988 @ 52.2  0.363 @ 49.2   
Sensor 24  0.764 @ 64.9  1.079 @ 66.8  0.524 @ 14.2  0.264 @ 23.2   
Sensor 25  1.047 @ 26.4  0.191 @ 18.4  0.566 @ 83.3  1.211 @ 52.3   
Sensor 26  0.122 @ 17.2  0.988 @ 17.9  0.681 @ 22.7  0.492 @ 47.1   
Sensor 27  0.775 @ 26.5  1.116 @ 60.9  0.689 @ 68.6  0.892 @ 67.2   
Sensor 28   0.997 @ 8.8   0.841 @ 4.2  0.791 @ 80.9  1.029 @ 26.5   
Sensor 29  0.828 @ 89.1  0.989 @ 47.9   0.79 @ 77.0   0.961 @ 0.7   
Sensor 30  0.592 @ 50.9   0.83 @ 71.0    1.1 @ 54.2  1.039 @ 66.8   

                Plane 5       Plane 6       Plane 7       Plane 8  \
Sensor 1   0.449 @ 69.7  0.906 @ 80.1   0.82 @ 85.9  0.931 @ 21.5   
Sensor 2   0.981 @ 10.1  0.853 @ 18.6   0.305 @ 3.5   0.92 @ 83.9   
Sensor 3   0.403 @ 45.8  0.649 @ 33.2  0.733 @ 78.9  0.855 @ 20.3   
Sensor 4   0.851 @ 25.1  0.502 @ 10.5  1.056 @ 60.3  0.449 @ 17.7   
Sensor 5   0.971 @ 76.4  0.638 @ 48.0  1.188 @ 46.5  1.206 @ 44.5   
Sensor 6   1.403 @ 45.4  0.426 @ 55.4   1.02 @ 48.8  0.861 @ 27.8   
Sensor 7   0.979 @ 74.7  0.809 @ 35.3  1.022 @ 36.9   0.58 @ 16.7   
Sensor 8   0.927 @ 39.8  0.627 @ 67.8  0.338 @ 15.7  1.152 @ 49.6   
Sensor 9   0.267 @ 86.7  1.278 @ 43.4  0.905 @ 61.8   1.17 @ 34.3   
Sensor 10  0.815 @ 51.1  0.737 @ 47.1  1.116 @ 44.3   0.659 @ 9.3   
Sensor 11  0.875 @ 33.9  1.243 @ 38.3  0.856 @ 52.9  0.551 @ 54.1   
Sensor 12  0.653 @ 86.0  0.371 @ 83.7  1.216 @ 45.3  0.848 @ 33.9   
Sensor 13   0.942 @ 0.7  0.393 @ 10.6  1.038 @ 22.2  1.025 @ 27.9   
Sensor 14   0.87 @ 66.9  0.952 @ 12.1  0.875 @ 11.0  0.442 @ 13.7   
Sensor 15  0.978 @ 86.6  0.645 @ 31.5  0.478 @ 22.4  1.188 @ 41.7   
Sensor 16  0.499 @ 77.1  1.003 @ 60.6  0.901 @ 89.3   0.63 @ 42.0   
Sensor 17  0.879 @ 48.3  0.958 @ 19.8  0.775 @ 86.6   0.31 @ 25.0   
Sensor 18  0.533 @ 85.1  0.937 @ 88.4   0.379 @ 6.0    0.82 @ 8.6   
Sensor 19  1.066 @ 54.5    0.4 @ 26.3  0.702 @ 80.7  1.074 @ 51.3   
Sensor 20  0.922 @ 20.8  1.161 @ 35.1  0.821 @ 79.7    1.2 @ 39.4   
Sensor 21  0.399 @ 72.4  0.609 @ 40.9  0.616 @ 70.4  0.646 @ 55.7   
Sensor 22  0.427 @ 75.5  0.464 @ 15.2  0.563 @ 18.8  0.723 @ 70.4   
Sensor 23  0.829 @ 82.9   0.45 @ 70.2  0.711 @ 69.8  0.187 @ 30.7   
Sensor 24  0.733 @ 81.0  0.841 @ 43.4  0.398 @ 43.5   0.587 @ 7.8   
Sensor 25  0.601 @ 17.0  1.088 @ 39.3  0.245 @ 55.2  0.959 @ 34.0   
Sensor 26  0.165 @ 32.2  1.228 @ 49.7  0.831 @ 41.8  0.615 @ 29.8   
Sensor 27  0.225 @ 36.1  1.252 @ 43.5  1.092 @ 57.7  0.631 @ 50.5   
Sensor 28   0.872 @ 3.8  1.122 @ 62.5   0.594 @ 5.6  0.801 @ 60.1   
Sensor 29  0.442 @ 70.3  0.635 @ 49.3  0.087 @ 12.7   1.03 @ 14.6   
Sensor 30  0.787 @ 88.2  0.352 @ 63.7  0.993 @ 43.9  0.791 @ 33.6   

                Plane 9      Plane 10      Plane 11      Plane 12  \
Sensor 1   0.655 @ 23.3  0.803 @ 28.2  0.591 @ 88.0  1.006 @ 15.4   
Sensor 2    0.694 @ 9.8  0.725 @ 52.6    0.3 @ 66.0  0.743 @ 48.2   
Sensor 3   0.571 @ 82.5  1.096 @ 25.8  1.018 @ 40.7  0.958 @ 78.0   
Sensor 4   0.951 @ 88.5  0.459 @ 76.4  0.188 @ 80.4  0.836 @ 40.4   
Sensor 5   0.319 @ 88.8  0.974 @ 58.4   0.419 @ 5.1  0.636 @ 69.6   
Sensor 6   0.535 @ 63.7  0.961 @ 40.8  0.948 @ 67.2   1.17 @ 57.3   
Sensor 7   1.124 @ 61.9  0.335 @ 43.8  0.947 @ 84.4  1.108 @ 35.9   
Sensor 8   0.702 @ 22.2   0.859 @ 8.7  1.106 @ 53.5  1.112 @ 59.3   
Sensor 9   1.285 @ 41.4  1.216 @ 45.5  0.767 @ 67.4  0.921 @ 65.3   
Sensor 10  1.035 @ 47.3  0.962 @ 34.2  1.311 @ 47.3  0.481 @ 45.3   
Sensor 11  0.841 @ 19.0  1.033 @ 74.8  0.612 @ 44.2  0.458 @ 80.1   
Sensor 12  1.078 @ 63.9   0.21 @ 62.2  0.998 @ 60.5   0.91 @ 58.6   
Sensor 13  0.631 @ 71.9    0.3 @ 76.6  0.702 @ 81.7   0.86 @ 88.8   
Sensor 14  0.984 @ 40.3  1.034 @ 43.1  0.108 @ 17.0    1.3 @ 46.0   
Sensor 15  0.746 @ 62.0  0.512 @ 76.8  0.573 @ 75.6  1.047 @ 43.4   
Sensor 16  0.282 @ 78.5  0.604 @ 78.7   0.92 @ 82.7  0.683 @ 18.0   
Sensor 17  1.358 @ 45.6  0.999 @ 27.0  0.513 @ 27.4   0.624 @ 6.8   
Sensor 18  1.086 @ 24.6  0.946 @ 80.9  0.673 @ 28.0  0.634 @ 53.1   
Sensor 19  1.078 @ 61.2  1.031 @ 41.5   0.72 @ 43.7  1.053 @ 35.9   
Sensor 20  0.937 @ 58.3  0.506 @ 59.3  0.938 @ 60.7   0.987 @ 7.0   
Sensor 21  0.789 @ 50.4   1.03 @ 47.9  0.814 @ 87.2  1.075 @ 41.9   
Sensor 22  0.325 @ 34.0  0.647 @ 54.3  0.709 @ 88.4  0.339 @ 18.4   
Sensor 23  0.651 @ 73.4  0.534 @ 57.7  0.612 @ 73.5  0.912 @ 10.6   
Sensor 24  0.177 @ 29.0  1.015 @ 61.7  0.566 @ 19.8  0.327 @ 80.9   
Sensor 25  0.224 @ 25.6  0.479 @ 70.0  0.774 @ 77.7  0.886 @ 23.1   
Sensor 26  0.978 @ 23.9  0.907 @ 29.6  0.619 @ 75.8  0.603 @ 58.8   
Sensor 27  0.762 @ 52.7  1.217 @ 38.9  0.233 @ 48.7  0.772 @ 40.6   
Sensor 28  0.985 @ 86.8  0.412 @ 35.5  0.815 @ 10.0  0.121 @ 87.8   
Sensor 29  0.911 @ 56.6  0.611 @ 13.0  0.539 @ 82.9   0.78 @ 16.0   
Sensor 30  0.256 @ 83.9   0.87 @ 75.2   0.234 @ 9.4  1.125 @ 53.3   

               Plane 13      Plane 14      Plane 15      Plane 16  \
Sensor 1    1.04 @ 36.9  0.461 @ 62.6  0.581 @ 71.8  0.473 @ 67.2   
Sensor 2   0.652 @ 87.0  1.231 @ 42.4  0.331 @ 38.6   0.663 @ 1.0   
Sensor 3   0.733 @ 89.6  0.843 @ 14.8   0.708 @ 2.5  0.775 @ 19.8   
Sensor 4   0.928 @ 70.2  0.892 @ 55.2  1.214 @ 41.6  0.704 @ 69.3   
Sensor 5   0.259 @ 62.5  0.358 @ 19.7   0.946 @ 4.7  0.768 @ 65.1   
Sensor 6   0.996 @ 50.5  0.679 @ 37.9  0.431 @ 77.9  1.114 @ 41.4   
Sensor 7   1.086 @ 34.0  0.815 @ 39.0   0.41 @ 34.2  0.391 @ 26.8   
Sensor 8   0.867 @ 83.8  0.889 @ 65.6  0.707 @ 68.0  0.602 @ 66.1   
Sensor 9     1.1 @ 39.3   0.75 @ 65.0  0.641 @ 74.7  0.936 @ 53.5   
Sensor 10  0.736 @ 59.3  0.937 @ 84.2  0.587 @ 10.1  0.938 @ 87.8   
Sensor 11  0.166 @ 81.2  1.248 @ 39.5  1.086 @ 39.7   0.73 @ 17.6   
Sensor 12   0.79 @ 77.3   0.95 @ 62.8  0.859 @ 62.4  0.878 @ 45.5   
Sensor 13  0.786 @ 83.1   0.684 @ 3.3  0.486 @ 81.6  0.336 @ 18.2   
Sensor 14   0.508 @ 5.9  0.988 @ 33.2  0.778 @ 65.7  1.249 @ 44.2   
Sensor 15  0.659 @ 20.3  1.001 @ 84.2  0.978 @ 85.1  0.956 @ 42.9   
Sensor 16  0.972 @ 39.9   0.86 @ 47.3   1.21 @ 37.3  0.397 @ 19.3   
Sensor 17  0.325 @ 31.5  0.553 @ 70.1  0.573 @ 36.0  0.901 @ 66.9   
Sensor 18   0.971 @ 2.5  0.855 @ 10.0  1.295 @ 49.6  1.073 @ 64.1   
Sensor 19  1.029 @ 57.6    0.8 @ 45.5   0.877 @ 2.0  1.015 @ 66.6   
Sensor 20  0.734 @ 47.9   0.329 @ 1.0  0.712 @ 27.1  0.438 @ 56.8   
Sensor 21  1.143 @ 56.7  0.084 @ 12.6  0.895 @ 12.6   0.921 @ 0.5   
Sensor 22  0.605 @ 69.6  0.416 @ 38.1   0.97 @ 82.9  1.013 @ 28.5   
Sensor 23  0.741 @ 83.8   1.01 @ 58.7  0.464 @ 27.8   0.987 @ 5.6   
Sensor 24  0.406 @ 34.0   0.38 @ 69.3  0.094 @ 47.6  1.118 @ 27.7   
Sensor 25  0.941 @ 45.0  0.952 @ 56.7  0.994 @ 68.8  0.908 @ 15.0   
Sensor 26  0.952 @ 74.9  0.895 @ 33.7  0.993 @ 88.1  1.025 @ 56.2   
Sensor 27  0.644 @ 38.2  0.629 @ 13.5  0.368 @ 87.2   0.875 @ 4.5   
Sensor 28  0.451 @ 42.3  0.411 @ 14.2  0.876 @ 52.2   0.922 @ 3.9   
Sensor 29    0.21 @ 3.3   0.93 @ 15.0  0.997 @ 78.1  0.824 @ 76.6   
Sensor 30  0.462 @ 87.6  0.646 @ 80.7  1.037 @ 39.5  0.913 @ 78.7   

               Plane 17      Plane 18      Plane 19      Plane 20  \
Sensor 1   0.423 @ 44.1  1.084 @ 61.0  0.877 @ 60.5  0.323 @ 25.7   
Sensor 2    0.34 @ 23.7  1.039 @ 60.0  1.031 @ 58.0  0.625 @ 72.8   
Sensor 3   0.974 @ 37.7   0.09 @ 34.8  0.612 @ 54.2  0.608 @ 79.0   
Sensor 4   0.805 @ 59.3  1.137 @ 48.3  0.339 @ 47.5  0.495 @ 81.1   
Sensor 5    0.62 @ 33.2   1.01 @ 45.9  0.369 @ 10.2  1.022 @ 18.0   
Sensor 6     0.4 @ 36.7  0.217 @ 30.6  0.357 @ 83.4  0.657 @ 25.9   
Sensor 7   0.759 @ 16.9  0.916 @ 11.7  1.181 @ 41.3  0.855 @ 24.2   
Sensor 8    0.977 @ 5.1  0.567 @ 46.1  0.967 @ 22.7  0.683 @ 22.4   
Sensor 9    0.949 @ 9.6  1.123 @ 51.7  1.042 @ 56.8  0.101 @ 16.8   
Sensor 10  0.831 @ 55.9   0.547 @ 7.1  0.416 @ 46.4  0.922 @ 50.2   
Sensor 11  0.417 @ 11.4  0.702 @ 75.7  0.673 @ 76.6  0.371 @ 47.5   
Sensor 12  0.649 @ 11.7  0.056 @ 35.7  0.994 @ 67.9  0.879 @ 44.6   
Sensor 13  0.879 @ 16.0  0.987 @ 88.6   0.827 @ 9.9  0.573 @ 60.5   
Sensor 14  0.813 @ 61.4  0.802 @ 89.2  0.967 @ 20.6   0.82 @ 83.6   
Sensor 15  0.212 @ 70.0  1.067 @ 39.6    0.71 @ 5.8  0.087 @ 20.6   
Sensor 16  0.771 @ 68.2  1.257 @ 46.3  0.287 @ 38.8  0.992 @ 13.9   
Sensor 17  0.725 @ 36.4  0.261 @ 72.6  1.153 @ 32.3  1.213 @ 35.6   
Sensor 18   0.415 @ 0.7   0.99 @ 74.0  0.642 @ 85.0  1.225 @ 45.1   
Sensor 19  0.702 @ 79.0  0.677 @ 87.6  0.785 @ 15.9  0.905 @ 46.7   
Sensor 20  0.403 @ 79.2  0.707 @ 79.5  0.409 @ 71.8  0.474 @ 71.3   
Sensor 21   0.65 @ 84.6   0.94 @ 72.9  0.842 @ 16.8  1.191 @ 51.1   
Sensor 22  1.001 @ 53.6  0.874 @ 39.0    0.79 @ 3.1  0.806 @ 51.8   
Sensor 23  0.115 @ 11.9  0.755 @ 58.2  1.144 @ 32.1  1.024 @ 32.3   
Sensor 24  0.329 @ 11.8  1.139 @ 44.7  0.346 @ 42.5   0.87 @ 38.4   
Sensor 25   0.56 @ 45.5  0.831 @ 10.6  1.085 @ 66.1  1.001 @ 67.9   
Sensor 26   0.79 @ 15.3  1.279 @ 46.7  0.361 @ 18.8  1.159 @ 44.9   
Sensor 27   0.932 @ 1.6  0.581 @ 13.5  1.189 @ 54.1  1.074 @ 30.8   
Sensor 28  0.616 @ 55.8  1.055 @ 70.8  1.098 @ 47.8  0.764 @ 53.7   
Sensor 29   0.96 @ 87.8  0.679 @ 45.9  0.575 @ 11.0  0.552 @ 83.2   
Sensor 30  0.912 @ 44.3  0.659 @ 68.8   0.12 @ 33.8  0.573 @ 64.9   

               Plane 21      Plane 22      Plane 23      Plane 24  \
Sensor 1   1.062 @ 54.8  0.507 @ 74.0  0.941 @ 71.9   0.88 @ 65.4   
Sensor 2    1.14 @ 31.8  1.021 @ 40.6  0.956 @ 10.6  1.279 @ 45.6   
Sensor 3   0.926 @ 21.2  0.991 @ 51.0  0.348 @ 17.9  0.098 @ 49.8   
Sensor 4   0.365 @ 37.4  1.001 @ 80.7  1.325 @ 45.4   0.809 @ 2.8   
Sensor 5   1.103 @ 29.3   0.83 @ 72.3  0.591 @ 32.7  0.694 @ 64.3   
Sensor 6    0.74 @ 23.6  0.234 @ 85.9   0.514 @ 4.7   0.227 @ 4.5   
Sensor 7    0.645 @ 5.1  0.973 @ 85.0  0.898 @ 79.6  1.292 @ 45.9   
Sensor 8   1.075 @ 42.3  0.706 @ 44.6   0.583 @ 8.0  0.539 @ 24.1   
Sensor 9    1.03 @ 53.3   0.998 @ 7.4  0.363 @ 67.3  0.906 @ 55.1   
Sensor 10  0.074 @ 65.6  0.583 @ 86.3  0.892 @ 22.8  0.718 @ 59.9   
Sensor 11  1.098 @ 60.0   0.73 @ 11.9  0.789 @ 33.2  0.984 @ 73.5   
Sensor 12  0.942 @ 57.7  0.983 @ 29.3  0.669 @ 10.1  0.205 @ 37.5   
Sensor 13  0.629 @ 79.2  0.989 @ 45.2  0.842 @ 41.7   0.878 @ 0.6   
Sensor 14  0.329 @ 14.1  1.305 @ 43.3  1.097 @ 29.9  0.998 @ 54.9   
Sensor 15  0.271 @ 71.8   1.09 @ 25.1  0.946 @ 66.7  0.816 @ 63.0   
Sensor 16  0.971 @ 89.3  0.987 @ 10.6  0.855 @ 87.1  1.018 @ 28.9   
Sensor 17  0.718 @ 13.5  0.562 @ 17.4   0.312 @ 6.8  1.098 @ 42.1   
Sensor 18  0.931 @ 29.2  1.125 @ 27.3   1.11 @ 26.1  0.868 @ 50.2   
Sensor 19  0.807 @ 29.2  0.685 @ 71.9  0.173 @ 38.0  0.658 @ 88.7   
Sensor 20  0.275 @ 59.7  0.742 @ 30.2  0.291 @ 51.3  0.353 @ 12.0   
Sensor 21  0.194 @ 18.1  0.958 @ 77.4  0.511 @ 43.5  0.495 @ 11.8   
Sensor 22  0.955 @ 84.8  0.806 @ 48.2  1.008 @ 54.4  1.157 @ 49.9   
Sensor 23  0.849 @ 15.8  0.468 @ 56.6  0.619 @ 74.0  0.833 @ 36.6   
Sensor 24  1.163 @ 49.2  0.882 @ 47.5  0.712 @ 48.5  0.524 @ 38.2   
Sensor 25  0.711 @ 49.4  0.894 @ 70.3  0.911 @ 34.9  0.801 @ 51.1   
Sensor 26  0.396 @ 73.8   1.22 @ 46.0  0.877 @ 81.6  0.899 @ 63.8   
Sensor 27  1.197 @ 53.8  0.459 @ 70.6  0.655 @ 28.4   0.79 @ 39.8   
Sensor 28   0.38 @ 53.7  0.771 @ 54.1  0.546 @ 75.0  0.461 @ 67.5   
Sensor 29  0.899 @ 30.4  0.958 @ 61.8  0.533 @ 10.6  0.658 @ 47.9   
Sensor 30  0.738 @ 11.7   1.13 @ 40.8  0.976 @ 31.7  0.788 @ 59.7   

               Plane 25      Plane 26      Plane 27      Plane 28  \
Sensor 1   0.624 @ 43.0   0.785 @ 1.6  0.335 @ 53.4  0.747 @ 46.5   
Sensor 2    0.73 @ 35.0  0.998 @ 22.6  0.526 @ 80.3  0.202 @ 13.5   
Sensor 3   0.792 @ 66.9  0.593 @ 56.7  1.003 @ 43.3  0.772 @ 34.3   
Sensor 4   0.948 @ 48.1  1.271 @ 46.7  0.824 @ 12.7  0.598 @ 71.8   
Sensor 5   0.931 @ 72.2  0.617 @ 86.6  0.653 @ 20.9   0.503 @ 2.8   
Sensor 6    1.18 @ 56.8  0.462 @ 67.8  0.791 @ 29.1  0.782 @ 60.4   
Sensor 7   1.165 @ 58.6  0.174 @ 87.0  0.409 @ 75.6  1.008 @ 48.8   
Sensor 8   0.711 @ 74.1   0.726 @ 6.0  0.896 @ 71.7  0.496 @ 87.2   
Sensor 9   0.892 @ 10.4  1.104 @ 47.8  1.085 @ 50.0  0.867 @ 35.8   
Sensor 10  0.135 @ 19.8  1.016 @ 59.1  1.241 @ 51.7  0.993 @ 77.4   
Sensor 11  1.043 @ 23.7  0.976 @ 40.9  0.682 @ 35.6   0.67 @ 24.1   
Sensor 12  0.689 @ 84.1  0.773 @ 33.8  0.202 @ 82.5  0.765 @ 40.0   
Sensor 13  0.804 @ 23.9  0.956 @ 32.8  0.295 @ 17.3  0.393 @ 63.2   
Sensor 14  0.777 @ 35.6  0.784 @ 55.1  0.603 @ 60.9  0.802 @ 65.8   
Sensor 15  1.101 @ 42.4  1.038 @ 24.2  1.045 @ 19.3   0.84 @ 26.2   
Sensor 16  0.583 @ 25.1  1.321 @ 41.2  0.451 @ 80.6  0.756 @ 42.9   
Sensor 17  0.954 @ 44.1  0.502 @ 71.1  1.242 @ 42.8  1.151 @ 44.4   
Sensor 18  0.782 @ 10.3   0.945 @ 1.8  0.904 @ 19.9  0.747 @ 70.7   
Sensor 19  1.059 @ 70.7   0.592 @ 4.7  1.053 @ 68.1  0.597 @ 42.9   
Sensor 20  1.081 @ 33.9  0.819 @ 54.7  0.911 @ 42.9  0.494 @ 69.6   
Sensor 21  0.786 @ 38.2  0.449 @ 34.8  0.543 @ 31.6  0.808 @ 22.3   
Sensor 22  0.488 @ 27.9  0.247 @ 59.0  0.674 @ 65.1  0.548 @ 48.5   
Sensor 23  1.356 @ 46.7  0.573 @ 13.8    0.9 @ 50.6  0.492 @ 55.3   
Sensor 24  0.482 @ 43.7  1.146 @ 35.8  1.295 @ 50.1   1.17 @ 34.4   
Sensor 25  0.249 @ 21.0  1.175 @ 40.0  0.405 @ 18.4  0.989 @ 56.7   
Sensor 26  1.122 @ 44.7   0.34 @ 63.8  0.243 @ 19.4  0.827 @ 29.2   
Sensor 27  0.611 @ 46.0   0.744 @ 8.2  1.133 @ 34.4   0.95 @ 13.1   
Sensor 28  0.515 @ 14.7  0.981 @ 64.7  1.019 @ 26.2  0.411 @ 28.2   
Sensor 29  0.428 @ 20.5  0.647 @ 30.1  0.754 @ 78.1   0.51 @ 69.1   
Sensor 30   0.669 @ 3.6  0.222 @ 22.5  0.774 @ 67.7   0.899 @ 4.6   

               Plane 29      Plane 30  
Sensor 1   0.867 @ 46.9  0.262 @ 79.8  
Sensor 2   0.172 @ 74.8  0.807 @ 66.2  
Sensor 3   0.921 @ 15.5  0.945 @ 60.0  
Sensor 4   1.279 @ 45.7    0.54 @ 3.6  
Sensor 5   0.872 @ 86.6   0.279 @ 4.4  
Sensor 6   0.962 @ 13.1   0.96 @ 81.8  
Sensor 7   0.696 @ 89.6  0.223 @ 43.7  
Sensor 8   0.805 @ 36.7  0.618 @ 73.4  
Sensor 9     0.36 @ 1.0  0.411 @ 44.4  
Sensor 10  0.975 @ 50.3  0.156 @ 56.7  
Sensor 11   1.07 @ 66.9  0.478 @ 58.8  
Sensor 12   0.942 @ 3.9  0.818 @ 45.3  
Sensor 13   0.751 @ 2.5   0.811 @ 5.6  
Sensor 14   0.677 @ 6.9   0.755 @ 4.6  
Sensor 15  1.057 @ 69.1  0.093 @ 25.7  
Sensor 16  1.034 @ 20.3  0.791 @ 48.6  
Sensor 17  1.116 @ 31.6  1.132 @ 50.1  
Sensor 18  0.494 @ 24.1  0.686 @ 79.1  
Sensor 19  1.255 @ 43.9  0.856 @ 66.0  
Sensor 20  0.426 @ 63.1  0.864 @ 87.3  
Sensor 21  0.804 @ 87.4  0.595 @ 64.9  
Sensor 22   1.06 @ 52.4  1.066 @ 57.6  
Sensor 23  0.881 @ 29.1  0.742 @ 75.4  
Sensor 24  0.571 @ 77.4  1.033 @ 45.0  
Sensor 25  1.197 @ 40.8  0.944 @ 48.6  
Sensor 26  0.741 @ 13.5  0.946 @ 47.3  
Sensor 27  0.766 @ 54.0   0.66 @ 80.1  
Sensor 28  0.687 @ 32.4  0.756 @ 33.2  
Sensor 29   0.94 @ 23.6  1.025 @ 22.6  
Sensor 30  0.072 @ 79.7   0.086 @ 8.1  
--------------------------------------------------

Initial Vibration:
             Vibration
Sensor 1   0.122 @ 0.0
Sensor 2   0.197 @ 0.0
Sensor 3   0.887 @ 0.0
Sensor 4   0.646 @ 0.0
Sensor 5   0.286 @ 0.0
Sensor 6   0.816 @ 0.0
Sensor 7   0.861 @ 0.0
Sensor 8   0.847 @ 0.0
Sensor 9   0.919 @ 0.0
Sensor 10  0.252 @ 0.0
Sensor 11  0.755 @ 0.0
Sensor 12  0.461 @ 0.0
Sensor 13  0.842 @ 0.0
Sensor 14  0.728 @ 0.0
Sensor 15  0.776 @ 0.0
Sensor 16  0.656 @ 0.0
Sensor 17  0.177 @ 0.0
Sensor 18  0.545 @ 0.0
Sensor 19  0.985 @ 0.0
Sensor 20  0.937 @ 0.0
Sensor 21  0.043 @ 0.0
Sensor 22  0.165 @ 0.0
Sensor 23  0.132 @ 0.0
Sensor 24  0.726 @ 0.0
Sensor 25  0.818 @ 0.0
Sensor 26  0.214 @ 0.0
Sensor 27  0.506 @ 0.0
Sensor 28  0.841 @ 0.0
Sensor 29  0.733 @ 0.0
Sensor 30  0.542 @ 0.0
